Using pre-set license
Built from '2021.3/evg/staging/82bb020e-b03b1330/draft-0' branch; Version is '2021.3.16f1 (4016570cf34f) revision 4200023'; Using compiler version '192829333'; Build Type 'Release'
OS: 'Windows 11  (10.0.22631) 64bit Professional' Language: 'en' Physical Memory: 28565 MB
BatchMode: 1, IsHumanControllingUs: 0, StartBugReporterOnCrash: 0, Is64bit: 1, IsPro: 1

COMMAND LINE ARGUMENTS:
C:\Program Files\Unity\Hub\Editor\2021.3.16f1\Editor\Unity.exe
-adb2
-batchMode
-noUpm
-name
AssetImportWorker0
-projectPath
D:/Unity Projects/Shuffled Power
-logFile
Logs/AssetImportWorker0.log
-srvPort
51355
Successfully changed project path to: D:/Unity Projects/Shuffled Power
D:/Unity Projects/Shuffled Power
[UnityMemory] Configuration Parameters - Can be set up in boot.config
    "memorysetup-bucket-allocator-granularity=16"
    "memorysetup-bucket-allocator-bucket-count=8"
    "memorysetup-bucket-allocator-block-size=33554432"
    "memorysetup-bucket-allocator-block-count=8"
    "memorysetup-main-allocator-block-size=16777216"
    "memorysetup-thread-allocator-block-size=16777216"
    "memorysetup-gfx-main-allocator-block-size=16777216"
    "memorysetup-gfx-thread-allocator-block-size=16777216"
    "memorysetup-cache-allocator-block-size=4194304"
    "memorysetup-typetree-allocator-block-size=2097152"
    "memorysetup-profiler-bucket-allocator-granularity=16"
    "memorysetup-profiler-bucket-allocator-bucket-count=8"
    "memorysetup-profiler-bucket-allocator-block-size=33554432"
    "memorysetup-profiler-bucket-allocator-block-count=8"
    "memorysetup-profiler-allocator-block-size=16777216"
    "memorysetup-profiler-editor-allocator-block-size=1048576"
    "memorysetup-temp-allocator-size-main=16777216"
    "memorysetup-job-temp-allocator-block-size=2097152"
    "memorysetup-job-temp-allocator-block-size-background=1048576"
    "memorysetup-job-temp-allocator-reduction-small-platforms=262144"
    "memorysetup-temp-allocator-size-background-worker=32768"
    "memorysetup-temp-allocator-size-job-worker=262144"
    "memorysetup-temp-allocator-size-preload-manager=33554432"
    "memorysetup-temp-allocator-size-nav-mesh-worker=65536"
    "memorysetup-temp-allocator-size-audio-worker=65536"
    "memorysetup-temp-allocator-size-cloud-worker=32768"
    "memorysetup-temp-allocator-size-gi-baking-worker=262144"
    "memorysetup-temp-allocator-size-gfx=262144"
Player connection [22584] Host "[IP] 192.168.1.6 [Port] 0 [Flags] 2 [Guid] 1388081256 [EditorId] 1388081256 [Version] 1048832 [Id] WindowsEditor(7,DESKTOP-TFOHBUN) [Debug] 1 [PackageName] WindowsEditor [ProjectName] Editor" joined multi-casting on [225.0.0.222:54997]...

Player connection [22584] Host "[IP] 192.168.1.6 [Port] 0 [Flags] 2 [Guid] 1388081256 [EditorId] 1388081256 [Version] 1048832 [Id] WindowsEditor(7,DESKTOP-TFOHBUN) [Debug] 1 [PackageName] WindowsEditor [ProjectName] Editor" joined alternative multi-casting on [225.0.0.222:34997]...

Refreshing native plugins compatible for Editor in 129.54 ms, found 3 plugins.
Preloading 0 native plugins for Editor in 0.00 ms.
Initialize engine version: 2021.3.16f1 (4016570cf34f)
[Subsystems] Discovering subsystems at path C:/Program Files/Unity/Hub/Editor/2021.3.16f1/Editor/Data/Resources/UnitySubsystems
[Subsystems] Discovering subsystems at path D:/Unity Projects/Shuffled Power/Assets
GfxDevice: creating device client; threaded=0; jobified=0
Direct3D:
    Version:  Direct3D 11.0 [level 11.1]
    Renderer: NVIDIA GeForce RTX 4060 (ID=0x2882)
    Vendor:   NVIDIA
    VRAM:     7957 MB
    Driver:   32.0.15.6070
Initialize mono
Mono path[0] = 'C:/Program Files/Unity/Hub/Editor/2021.3.16f1/Editor/Data/Managed'
Mono path[1] = 'C:/Program Files/Unity/Hub/Editor/2021.3.16f1/Editor/Data/MonoBleedingEdge/lib/mono/unityjit-win32'
Mono config path = 'C:/Program Files/Unity/Hub/Editor/2021.3.16f1/Editor/Data/MonoBleedingEdge/etc'
Using monoOptions --debugger-agent=transport=dt_socket,embedding=1,server=y,suspend=n,address=127.0.0.1:56508
Begin MonoManager ReloadAssembly
Registering precompiled unity dll's ...
Register platform support module: C:/Program Files/Unity/Hub/Editor/2021.3.16f1/Editor/Data/PlaybackEngines/AndroidPlayer/UnityEditor.Android.Extensions.dll
Register platform support module: C:/Program Files/Unity/Hub/Editor/2021.3.16f1/Editor/Data/PlaybackEngines/WindowsStandaloneSupport/UnityEditor.WindowsStandalone.Extensions.dll
Registered in 0.004280 seconds.
Native extension for WindowsStandalone target not found
Native extension for Android target not found
Refreshing native plugins compatible for Editor in 120.96 ms, found 3 plugins.
Preloading 0 native plugins for Editor in 0.00 ms.
Mono: successfully reloaded assembly
- Completed reload, in  0.575 seconds
Domain Reload Profiling:
	ReloadAssembly (575ms)
		BeginReloadAssembly (52ms)
			ExecutionOrderSort (0ms)
			DisableScriptedObjects (0ms)
			BackupInstance (0ms)
			ReleaseScriptingObjects (0ms)
			CreateAndSetChildDomain (1ms)
		EndReloadAssembly (436ms)
			LoadAssemblies (51ms)
			RebuildTransferFunctionScriptingTraits (0ms)
			SetupTypeCache (83ms)
			ReleaseScriptCaches (0ms)
			RebuildScriptCaches (20ms)
			SetupLoadedEditorAssemblies (290ms)
				LogAssemblyErrors (0ms)
				InitializePlatformSupportModulesInManaged (54ms)
				SetLoadedEditorAssemblies (0ms)
				RefreshPlugins (121ms)
				BeforeProcessingInitializeOnLoad (1ms)
				ProcessInitializeOnLoadAttributes (77ms)
				ProcessInitializeOnLoadMethodAttributes (37ms)
				AfterProcessingInitializeOnLoad (0ms)
				EditorAssembliesLoaded (0ms)
			ExecutionOrderSort2 (0ms)
			AwakeInstancesAfterBackupRestoration (0ms)
Platform modules already initialized, skipping
Registering precompiled user dll's ...
Registered in 0.002591 seconds.
Begin MonoManager ReloadAssembly
Symbol file LoadedFromMemory doesn't match image D:\Unity Projects\Shuffled Power\Library\PackageCache\com.unity.visualscripting@1.7.8\Editor\VisualScripting.Core\Dependencies\YamlDotNet\Unity.VisualScripting.YamlDotNet.dll
Symbol file LoadedFromMemory doesn't match image D:\Unity Projects\Shuffled Power\Library\PackageCache\com.unity.visualscripting@1.7.8\Editor\VisualScripting.Core\Dependencies\DotNetZip\Unity.VisualScripting.IonicZip.dll
Native extension for WindowsStandalone target not found
Native extension for Android target not found
Refreshing native plugins compatible for Editor in 115.99 ms, found 3 plugins.
Preloading 0 native plugins for Editor in 0.00 ms.
Mono: successfully reloaded assembly
Package Manager log level set to [2]
- Completed reload, in  1.302 seconds
Domain Reload Profiling:
	ReloadAssembly (1307ms)
		BeginReloadAssembly (204ms)
			ExecutionOrderSort (0ms)
			DisableScriptedObjects (5ms)
			BackupInstance (0ms)
			ReleaseScriptingObjects (0ms)
			CreateAndSetChildDomain (125ms)
		EndReloadAssembly (1002ms)
			LoadAssemblies (67ms)
			RebuildTransferFunctionScriptingTraits (0ms)
			SetupTypeCache (194ms)
			ReleaseScriptCaches (1ms)
			RebuildScriptCaches (48ms)
			SetupLoadedEditorAssemblies (646ms)
				LogAssemblyErrors (0ms)
				InitializePlatformSupportModulesInManaged (13ms)
				SetLoadedEditorAssemblies (0ms)
				RefreshPlugins (116ms)
				BeforeProcessingInitializeOnLoad (75ms)
				ProcessInitializeOnLoadAttributes (420ms)
				ProcessInitializeOnLoadMethodAttributes (16ms)
				AfterProcessingInitializeOnLoad (5ms)
				EditorAssembliesLoaded (1ms)
			ExecutionOrderSort2 (0ms)
			AwakeInstancesAfterBackupRestoration (7ms)
Platform modules already initialized, skipping
========================================================================
Worker process is ready to serve import requests
Launched and connected shader compiler UnityShaderCompiler.exe after 0.03 seconds
Refreshing native plugins compatible for Editor in 2.69 ms, found 3 plugins.
Preloading 0 native plugins for Editor in 0.00 ms.
Unloading 4292 Unused Serialized files (Serialized files now loaded: 0)
Unloading 57 unused Assets / (130.8 KB). Loaded Objects now: 4742.
Memory consumption went from 166.6 MB to 166.5 MB.
Total: 8.244500 ms (FindLiveObjects: 0.540000 ms CreateObjectMapping: 0.221900 ms MarkObjects: 7.335900 ms  DeleteObjects: 0.145200 ms)

AssetImportParameters requested are different than current active one (requested -> active):
  custom:video-decoder-ogg-theora: a1e56fd34408186e4bbccfd4996cb3dc -> 
  custom:container-muxer-webm: aa71ff27fc2769a1b78a27578f13a17b -> 
  custom:container-demuxer-webm: 4f35f7cbe854078d1ac9338744f61a02 -> 
  custom:video-encoder-webm-vp8: eb34c28f22e8b96e1ab97ce403110664 -> 
  custom:video-codec-MediaFoundation-h265: 746d11721c4dcdbdad8f713fa42b33f4 -> 
  custom:audio-encoder-webm-vorbis: bf7c407c2cedff20999df2af8eb42d56 -> 
  custom:framework-win-MediaFoundation: 216162199b28c13a410421893ffa2e32 -> 
  custom:container-demuxer-ogg: 62fdf1f143b41e24485cea50d1cbac27 -> 
  custom:video-decoder-webm-vp8: 9c59270c3fd7afecdb556c50c9e8de78 -> 
  custom:audio-decoder-ogg-vorbis: bf7c407c2cedff20999df2af8eb42d56 -> 
========================================================================
Received Import Request.
  Time since last request: 6179.485104 seconds.
  path: Assets/help.png
  artifactKey: Guid(7831da0fde5b181439cfd0b16f4af596) Importer(815301076,1909f56bfc062723c751e8b465ee728b)
Start importing Assets/help.png using Guid(7831da0fde5b181439cfd0b16f4af596) Importer(815301076,1909f56bfc062723c751e8b465ee728b)  -> (artifact id: '9556f203d5aad9fec9532cbd578fd925') in 0.170412 seconds 
========================================================================
Received Import Request.
  Time since last request: 0.000017 seconds.
  path: Assets/Readme.asset
  artifactKey: Guid(7f2c382dc2c22446db59030979f6e495) Importer(815301076,1909f56bfc062723c751e8b465ee728b)
Start importing Assets/Readme.asset using Guid(7f2c382dc2c22446db59030979f6e495) Importer(815301076,1909f56bfc062723c751e8b465ee728b)  -> (artifact id: '9990f39c3de691f85cda2915bc54e9c4') in 0.007795 seconds 
========================================================================
Received Import Request.
  Time since last request: 0.000022 seconds.
  path: Assets/for help.png
  artifactKey: Guid(a595f17738b4d9243bee20bc28f6f970) Importer(815301076,1909f56bfc062723c751e8b465ee728b)
Start importing Assets/for help.png using Guid(a595f17738b4d9243bee20bc28f6f970) Importer(815301076,1909f56bfc062723c751e8b465ee728b)  -> (artifact id: '7756405084016f5820cde590085c7cc4') in 0.052860 seconds 
========================================================================
Received Import Request.
  Time since last request: 0.000018 seconds.
  path: Assets/Logo no BG.png
  artifactKey: Guid(ec1092d6c69fc6441a39df0398e863e0) Importer(815301076,1909f56bfc062723c751e8b465ee728b)
Start importing Assets/Logo no BG.png using Guid(ec1092d6c69fc6441a39df0398e863e0) Importer(815301076,1909f56bfc062723c751e8b465ee728b)  -> (artifact id: 'ec840facab93799e3153d9cd5bc32d88') in 0.216894 seconds 
========================================================================
Received Import Request.
  Time since last request: 16.562430 seconds.
  path: Assets/Scenes/DK_test_M6/ReflectionProbe-0.exr
  artifactKey: Guid(70fb8d9f75099df4e9883db492b2c007) Importer(815301076,1909f56bfc062723c751e8b465ee728b)
Start importing Assets/Scenes/DK_test_M6/ReflectionProbe-0.exr using Guid(70fb8d9f75099df4e9883db492b2c007) Importer(815301076,1909f56bfc062723c751e8b465ee728b)  -> (artifact id: 'c50d0d61af1371642a24a909e7007198') in 0.025836 seconds 
========================================================================
Received Import Request.
  Time since last request: 3.502012 seconds.
  path: Assets/Scenes/DK_test_MBB/ReflectionProbe-0.exr
  artifactKey: Guid(7cdcad777dba928409baf9da1e700382) Importer(815301076,1909f56bfc062723c751e8b465ee728b)
Start importing Assets/Scenes/DK_test_MBB/ReflectionProbe-0.exr using Guid(7cdcad777dba928409baf9da1e700382) Importer(815301076,1909f56bfc062723c751e8b465ee728b)  -> (artifact id: '695448e9432440e6aaa6dd64633a6a20') in 0.013586 seconds 
========================================================================
Received Import Request.
  Time since last request: 0.481352 seconds.
  path: Assets/Scenes/For Packaging Purposes/ReflectionProbe-0.exr
  artifactKey: Guid(82f7e64d37b3c464ebb1725e30ceed79) Importer(815301076,1909f56bfc062723c751e8b465ee728b)
Start importing Assets/Scenes/For Packaging Purposes/ReflectionProbe-0.exr using Guid(82f7e64d37b3c464ebb1725e30ceed79) Importer(815301076,1909f56bfc062723c751e8b465ee728b)  -> (artifact id: '7e2efd026ed94464fa0fcea1c294c3fa') in 0.007585 seconds 
========================================================================
Received Import Request.
  Time since last request: 1.589783 seconds.
  path: Assets/Scenes/map0_traning_room/Lightmap-0_comp_light.exr
  artifactKey: Guid(9f25866e8f68ae94b9e9ae84297ce869) Importer(815301076,1909f56bfc062723c751e8b465ee728b)
Start importing Assets/Scenes/map0_traning_room/Lightmap-0_comp_light.exr using Guid(9f25866e8f68ae94b9e9ae84297ce869) Importer(815301076,1909f56bfc062723c751e8b465ee728b)  -> (artifact id: '1463dbadb1668b084f285972e96b1967') in 0.012996 seconds 
Editor requested this worker to shutdown with reason: Scaling down because of idle timeout
AssetImportWorker is now disconnected from the server
Process exiting
Exiting without the bug reporter. Application will terminate with return code 0