Using pre-set license
Built from '2021.3/evg/staging/82bb020e-b03b1330/draft-0' branch; Version is '2021.3.16f1 (4016570cf34f) revision 4200023'; Using compiler version '192829333'; Build Type 'Release'
OS: 'Windows 11  (10.0.22631) 64bit Professional' Language: 'en' Physical Memory: 28565 MB
BatchMode: 1, IsHumanControllingUs: 0, StartBugReporterOnCrash: 0, Is64bit: 1, IsPro: 1

COMMAND LINE ARGUMENTS:
C:\Program Files\Unity\Hub\Editor\2021.3.16f1\Editor\Unity.exe
-adb2
-batchMode
-noUpm
-name
AssetImportWorker2
-projectPath
D:/Unity Projects/Shuffled Power
-logFile
Logs/AssetImportWorker2.log
-srvPort
51355
Successfully changed project path to: D:/Unity Projects/Shuffled Power
D:/Unity Projects/Shuffled Power
[UnityMemory] Configuration Parameters - Can be set up in boot.config
    "memorysetup-bucket-allocator-granularity=16"
    "memorysetup-bucket-allocator-bucket-count=8"
    "memorysetup-bucket-allocator-block-size=33554432"
    "memorysetup-bucket-allocator-block-count=8"
    "memorysetup-main-allocator-block-size=16777216"
    "memorysetup-thread-allocator-block-size=16777216"
    "memorysetup-gfx-main-allocator-block-size=16777216"
    "memorysetup-gfx-thread-allocator-block-size=16777216"
    "memorysetup-cache-allocator-block-size=4194304"
    "memorysetup-typetree-allocator-block-size=2097152"
    "memorysetup-profiler-bucket-allocator-granularity=16"
    "memorysetup-profiler-bucket-allocator-bucket-count=8"
    "memorysetup-profiler-bucket-allocator-block-size=33554432"
    "memorysetup-profiler-bucket-allocator-block-count=8"
    "memorysetup-profiler-allocator-block-size=16777216"
    "memorysetup-profiler-editor-allocator-block-size=1048576"
    "memorysetup-temp-allocator-size-main=16777216"
    "memorysetup-job-temp-allocator-block-size=2097152"
    "memorysetup-job-temp-allocator-block-size-background=1048576"
    "memorysetup-job-temp-allocator-reduction-small-platforms=262144"
    "memorysetup-temp-allocator-size-background-worker=32768"
    "memorysetup-temp-allocator-size-job-worker=262144"
    "memorysetup-temp-allocator-size-preload-manager=33554432"
    "memorysetup-temp-allocator-size-nav-mesh-worker=65536"
    "memorysetup-temp-allocator-size-audio-worker=65536"
    "memorysetup-temp-allocator-size-cloud-worker=32768"
    "memorysetup-temp-allocator-size-gi-baking-worker=262144"
    "memorysetup-temp-allocator-size-gfx=262144"
Player connection [23984] Host "[IP] 192.168.1.6 [Port] 0 [Flags] 2 [Guid] 1066890047 [EditorId] 1066890047 [Version] 1048832 [Id] WindowsEditor(7,DESKTOP-TFOHBUN) [Debug] 1 [PackageName] WindowsEditor [ProjectName] Editor" joined multi-casting on [225.0.0.222:54997]...

Player connection [23984] Host "[IP] 192.168.1.6 [Port] 0 [Flags] 2 [Guid] 1066890047 [EditorId] 1066890047 [Version] 1048832 [Id] WindowsEditor(7,DESKTOP-TFOHBUN) [Debug] 1 [PackageName] WindowsEditor [ProjectName] Editor" joined alternative multi-casting on [225.0.0.222:34997]...

Refreshing native plugins compatible for Editor in 124.34 ms, found 3 plugins.
Preloading 0 native plugins for Editor in 0.00 ms.
Initialize engine version: 2021.3.16f1 (4016570cf34f)
[Subsystems] Discovering subsystems at path C:/Program Files/Unity/Hub/Editor/2021.3.16f1/Editor/Data/Resources/UnitySubsystems
[Subsystems] Discovering subsystems at path D:/Unity Projects/Shuffled Power/Assets
GfxDevice: creating device client; threaded=0; jobified=0
Direct3D:
    Version:  Direct3D 11.0 [level 11.1]
    Renderer: NVIDIA GeForce RTX 4060 (ID=0x2882)
    Vendor:   NVIDIA
    VRAM:     7957 MB
    Driver:   32.0.15.6070
Initialize mono
Mono path[0] = 'C:/Program Files/Unity/Hub/Editor/2021.3.16f1/Editor/Data/Managed'
Mono path[1] = 'C:/Program Files/Unity/Hub/Editor/2021.3.16f1/Editor/Data/MonoBleedingEdge/lib/mono/unityjit-win32'
Mono config path = 'C:/Program Files/Unity/Hub/Editor/2021.3.16f1/Editor/Data/MonoBleedingEdge/etc'
Using monoOptions --debugger-agent=transport=dt_socket,embedding=1,server=y,suspend=n,address=127.0.0.1:56024
Begin MonoManager ReloadAssembly
Registering precompiled unity dll's ...
Register platform support module: C:/Program Files/Unity/Hub/Editor/2021.3.16f1/Editor/Data/PlaybackEngines/AndroidPlayer/UnityEditor.Android.Extensions.dll
Register platform support module: C:/Program Files/Unity/Hub/Editor/2021.3.16f1/Editor/Data/PlaybackEngines/WindowsStandaloneSupport/UnityEditor.WindowsStandalone.Extensions.dll
Registered in 0.004107 seconds.
Native extension for WindowsStandalone target not found
Native extension for Android target not found
Refreshing native plugins compatible for Editor in 131.78 ms, found 3 plugins.
Preloading 0 native plugins for Editor in 0.00 ms.
Mono: successfully reloaded assembly
- Completed reload, in  0.663 seconds
Domain Reload Profiling:
	ReloadAssembly (663ms)
		BeginReloadAssembly (61ms)
			ExecutionOrderSort (0ms)
			DisableScriptedObjects (0ms)
			BackupInstance (0ms)
			ReleaseScriptingObjects (0ms)
			CreateAndSetChildDomain (1ms)
		EndReloadAssembly (500ms)
			LoadAssemblies (60ms)
			RebuildTransferFunctionScriptingTraits (0ms)
			SetupTypeCache (95ms)
			ReleaseScriptCaches (0ms)
			RebuildScriptCaches (30ms)
			SetupLoadedEditorAssemblies (322ms)
				LogAssemblyErrors (0ms)
				InitializePlatformSupportModulesInManaged (68ms)
				SetLoadedEditorAssemblies (0ms)
				RefreshPlugins (132ms)
				BeforeProcessingInitializeOnLoad (1ms)
				ProcessInitializeOnLoadAttributes (83ms)
				ProcessInitializeOnLoadMethodAttributes (38ms)
				AfterProcessingInitializeOnLoad (0ms)
				EditorAssembliesLoaded (0ms)
			ExecutionOrderSort2 (0ms)
			AwakeInstancesAfterBackupRestoration (0ms)
Platform modules already initialized, skipping
Registering precompiled user dll's ...
Registered in 0.002578 seconds.
Begin MonoManager ReloadAssembly
Symbol file LoadedFromMemory doesn't match image D:\Unity Projects\Shuffled Power\Library\PackageCache\com.unity.visualscripting@1.7.8\Editor\VisualScripting.Core\Dependencies\YamlDotNet\Unity.VisualScripting.YamlDotNet.dll
Symbol file LoadedFromMemory doesn't match image D:\Unity Projects\Shuffled Power\Library\PackageCache\com.unity.visualscripting@1.7.8\Editor\VisualScripting.Core\Dependencies\DotNetZip\Unity.VisualScripting.IonicZip.dll
Native extension for WindowsStandalone target not found
Native extension for Android target not found
Refreshing native plugins compatible for Editor in 124.98 ms, found 3 plugins.
Preloading 0 native plugins for Editor in 0.00 ms.
Mono: successfully reloaded assembly
Package Manager log level set to [2]
- Completed reload, in  1.281 seconds
Domain Reload Profiling:
	ReloadAssembly (1282ms)
		BeginReloadAssembly (191ms)
			ExecutionOrderSort (0ms)
			DisableScriptedObjects (4ms)
			BackupInstance (0ms)
			ReleaseScriptingObjects (0ms)
			CreateAndSetChildDomain (122ms)
		EndReloadAssembly (1002ms)
			LoadAssemblies (65ms)
			RebuildTransferFunctionScriptingTraits (0ms)
			SetupTypeCache (182ms)
			ReleaseScriptCaches (1ms)
			RebuildScriptCaches (49ms)
			SetupLoadedEditorAssemblies (660ms)
				LogAssemblyErrors (0ms)
				InitializePlatformSupportModulesInManaged (11ms)
				SetLoadedEditorAssemblies (0ms)
				RefreshPlugins (125ms)
				BeforeProcessingInitializeOnLoad (94ms)
				ProcessInitializeOnLoadAttributes (407ms)
				ProcessInitializeOnLoadMethodAttributes (17ms)
				AfterProcessingInitializeOnLoad (6ms)
				EditorAssembliesLoaded (0ms)
			ExecutionOrderSort2 (0ms)
			AwakeInstancesAfterBackupRestoration (5ms)
Platform modules already initialized, skipping
========================================================================
Worker process is ready to serve import requests
Launched and connected shader compiler UnityShaderCompiler.exe after 0.03 seconds
Refreshing native plugins compatible for Editor in 2.88 ms, found 3 plugins.
Preloading 0 native plugins for Editor in 0.00 ms.
Unloading 4292 Unused Serialized files (Serialized files now loaded: 0)
Unloading 57 unused Assets / (130.7 KB). Loaded Objects now: 4742.
Memory consumption went from 166.6 MB to 166.5 MB.
Total: 5.779400 ms (FindLiveObjects: 0.507300 ms CreateObjectMapping: 0.186100 ms MarkObjects: 4.913800 ms  DeleteObjects: 0.170900 ms)

AssetImportParameters requested are different than current active one (requested -> active):
  custom:video-decoder-ogg-theora: a1e56fd34408186e4bbccfd4996cb3dc -> 
  custom:container-muxer-webm: aa71ff27fc2769a1b78a27578f13a17b -> 
  custom:container-demuxer-webm: 4f35f7cbe854078d1ac9338744f61a02 -> 
  custom:video-encoder-webm-vp8: eb34c28f22e8b96e1ab97ce403110664 -> 
  custom:video-codec-MediaFoundation-h265: 746d11721c4dcdbdad8f713fa42b33f4 -> 
  custom:audio-encoder-webm-vorbis: bf7c407c2cedff20999df2af8eb42d56 -> 
  custom:framework-win-MediaFoundation: 216162199b28c13a410421893ffa2e32 -> 
  custom:container-demuxer-ogg: 62fdf1f143b41e24485cea50d1cbac27 -> 
  custom:video-decoder-webm-vp8: 9c59270c3fd7afecdb556c50c9e8de78 -> 
  custom:audio-decoder-ogg-vorbis: bf7c407c2cedff20999df2af8eb42d56 -> 
========================================================================
Received Import Request.
  Time since last request: 6187.038401 seconds.
  path: Assets/Stage 3 Battle
  artifactKey: Guid(e051c17708d16ba4e9f562cfa738c947) Importer(815301076,1909f56bfc062723c751e8b465ee728b)
Start importing Assets/Stage 3 Battle using Guid(e051c17708d16ba4e9f562cfa738c947) Importer(815301076,1909f56bfc062723c751e8b465ee728b)  -> (artifact id: 'b0d770f61f06fe7a933c20a367d93b4e') in 0.007408 seconds 
========================================================================
Received Import Request.
  Time since last request: 0.545113 seconds.
  path: Assets/Stage 2 Battle
  artifactKey: Guid(27f682fe1c826e04f93db7dc59c1b737) Importer(815301076,1909f56bfc062723c751e8b465ee728b)
Start importing Assets/Stage 2 Battle using Guid(27f682fe1c826e04f93db7dc59c1b737) Importer(815301076,1909f56bfc062723c751e8b465ee728b)  -> (artifact id: '33e499d4519bbd44a674c4b6a09ca67c') in 0.001102 seconds 
========================================================================
Received Import Request.
  Time since last request: 8.919766 seconds.
  path: Assets/Scenes/DK_test_M6/LightingData.asset
  artifactKey: Guid(9cd6baa4a5f55d44f940e8871b06037a) Importer(815301076,1909f56bfc062723c751e8b465ee728b)
Start importing Assets/Scenes/DK_test_M6/LightingData.asset using Guid(9cd6baa4a5f55d44f940e8871b06037a) Importer(815301076,1909f56bfc062723c751e8b465ee728b)  -> (artifact id: '481024ce9b65e2014f772689dd6c575a') in 0.021723 seconds 
========================================================================
Received Import Request.
  Time since last request: 3.507438 seconds.
  path: Assets/Scenes/DK_test_MBB/LightingData.asset
  artifactKey: Guid(570ce1dc4e40dc2419fc80f91eec6191) Importer(815301076,1909f56bfc062723c751e8b465ee728b)
Start importing Assets/Scenes/DK_test_MBB/LightingData.asset using Guid(570ce1dc4e40dc2419fc80f91eec6191) Importer(815301076,1909f56bfc062723c751e8b465ee728b)  -> (artifact id: '00c08808134eb53c8aaa5fc1a9289c92') in 0.001752 seconds 
========================================================================
Received Import Request.
  Time since last request: 0.493375 seconds.
  path: Assets/Scenes/For Packaging Purposes/LightingData.asset
  artifactKey: Guid(81b51b08ecef4744f9dbeb5f1090809d) Importer(815301076,1909f56bfc062723c751e8b465ee728b)
Start importing Assets/Scenes/For Packaging Purposes/LightingData.asset using Guid(81b51b08ecef4744f9dbeb5f1090809d) Importer(815301076,1909f56bfc062723c751e8b465ee728b)  -> (artifact id: 'e97c1a14ad9bd248c848df591373645e') in 0.045789 seconds 
========================================================================
Received Import Request.
  Time since last request: 1.549854 seconds.
  path: Assets/Scenes/map0_traning_room/LightingData.asset
  artifactKey: Guid(924955c0faefb3b4a8cde8472f06a1c3) Importer(815301076,1909f56bfc062723c751e8b465ee728b)
Start importing Assets/Scenes/map0_traning_room/LightingData.asset using Guid(924955c0faefb3b4a8cde8472f06a1c3) Importer(815301076,1909f56bfc062723c751e8b465ee728b)  -> (artifact id: '5bad1a2e48a126267c897b5a79ae2c1e') in 0.005339 seconds 
========================================================================
Received Import Request.
  Time since last request: 0.000016 seconds.
  path: Assets/Scenes/map0_traning_room/ReflectionProbe-1.exr
  artifactKey: Guid(c5a8424c5a377c34bb263a60d8f4216a) Importer(815301076,1909f56bfc062723c751e8b465ee728b)
Start importing Assets/Scenes/map0_traning_room/ReflectionProbe-1.exr using Guid(c5a8424c5a377c34bb263a60d8f4216a) Importer(815301076,1909f56bfc062723c751e8b465ee728b)  -> (artifact id: 'e6f193d6a727e3e6e17f66572b1363e4') in 0.058991 seconds 
========================================================================
Received Import Request.
  Time since last request: 54.371066 seconds.
  path: Assets/Scenes/DK_test_M6
  artifactKey: Guid(e0fd276b24e74f644a9c5c825eb387d9) Importer(815301076,1909f56bfc062723c751e8b465ee728b)
Start importing Assets/Scenes/DK_test_M6 using Guid(e0fd276b24e74f644a9c5c825eb387d9) Importer(815301076,1909f56bfc062723c751e8b465ee728b)  -> (artifact id: 'ec3e6993e2da375b2f7be732c96454a5') in 0.001120 seconds 
========================================================================
Received Import Request.
  Time since last request: 0.653802 seconds.
  path: Assets/Scenes/Backup Scene
  artifactKey: Guid(ced3dbac013b6f041b82b899161e9e1a) Importer(815301076,1909f56bfc062723c751e8b465ee728b)
Start importing Assets/Scenes/Backup Scene using Guid(ced3dbac013b6f041b82b899161e9e1a) Importer(815301076,1909f56bfc062723c751e8b465ee728b)  -> (artifact id: '4310839950bc255c8057f662a9ca6172') in 0.001057 seconds 
========================================================================
Received Import Request.
  Time since last request: 0.319599 seconds.
  path: Assets/Scenes
  artifactKey: Guid(30340b97d11d06a45ab35a95bc963c9a) Importer(815301076,1909f56bfc062723c751e8b465ee728b)
Start importing Assets/Scenes using Guid(30340b97d11d06a45ab35a95bc963c9a) Importer(815301076,1909f56bfc062723c751e8b465ee728b)  -> (artifact id: '2cebdab469fdb3923507f91ab35d2166') in 0.001138 seconds 
========================================================================
Received Import Request.
  Time since last request: 4.097784 seconds.
  path: Assets/Scenes/DD_test_M1.unity
  artifactKey: Guid(53f7a2dc869beaa43b8053e3649e37d5) Importer(815301076,1909f56bfc062723c751e8b465ee728b)
Start importing Assets/Scenes/DD_test_M1.unity using Guid(53f7a2dc869beaa43b8053e3649e37d5) Importer(815301076,1909f56bfc062723c751e8b465ee728b)  -> (artifact id: '1c24875a66c73a24de1d68e94ca60074') in 0.001139 seconds 
========================================================================
Received Import Request.
  Time since last request: 71.763707 seconds.
  path: Assets/Scenes/map1_village_test.unity
  artifactKey: Guid(be06275ab476eec498fffd507028dfa0) Importer(815301076,1909f56bfc062723c751e8b465ee728b)
Start importing Assets/Scenes/map1_village_test.unity using Guid(be06275ab476eec498fffd507028dfa0) Importer(815301076,1909f56bfc062723c751e8b465ee728b)  -> (artifact id: 'fabc43324dafde01f027df4cdf332946') in 0.001123 seconds 
========================================================================
Received Import Request.
  Time since last request: 2.842095 seconds.
  path: Assets/Scenes/map2_deserted_kingdom_test.unity
  artifactKey: Guid(c1ef2db6c3dc4f947953fa4bc965ff9a) Importer(815301076,1909f56bfc062723c751e8b465ee728b)
Start importing Assets/Scenes/map2_deserted_kingdom_test.unity using Guid(c1ef2db6c3dc4f947953fa4bc965ff9a) Importer(815301076,1909f56bfc062723c751e8b465ee728b)  -> (artifact id: '31cfd0409e0d66d9a1fa4d4776b0b3a5') in 0.001209 seconds 
========================================================================
Received Import Request.
  Time since last request: 0.591675 seconds.
  path: Assets/Scenes/map2_deserted_kingdom_test 1.unity
  artifactKey: Guid(2be0fa56802746b4e8ca603a373ceb0e) Importer(815301076,1909f56bfc062723c751e8b465ee728b)
Start importing Assets/Scenes/map2_deserted_kingdom_test 1.unity using Guid(2be0fa56802746b4e8ca603a373ceb0e) Importer(815301076,1909f56bfc062723c751e8b465ee728b)  -> (artifact id: 'b9df11ab641afb79fde6d430a7be624f') in 0.001327 seconds 
========================================================================
Received Prepare
Registering precompiled user dll's ...
Registered in 0.002546 seconds.
Begin MonoManager ReloadAssembly
Symbol file LoadedFromMemory doesn't match image D:\Unity Projects\Shuffled Power\Library\PackageCache\com.unity.visualscripting@1.7.8\Editor\VisualScripting.Core\Dependencies\YamlDotNet\Unity.VisualScripting.YamlDotNet.dll
Symbol file LoadedFromMemory doesn't match image D:\Unity Projects\Shuffled Power\Library\PackageCache\com.unity.visualscripting@1.7.8\Editor\VisualScripting.Core\Dependencies\DotNetZip\Unity.VisualScripting.IonicZip.dll
Native extension for WindowsStandalone target not found
Native extension for Android target not found
Refreshing native plugins compatible for Editor in 1.66 ms, found 3 plugins.
Preloading 0 native plugins for Editor in 0.00 ms.
Mono: successfully reloaded assembly
- Completed reload, in  1.095 seconds
Domain Reload Profiling:
	ReloadAssembly (1096ms)
		BeginReloadAssembly (140ms)
			ExecutionOrderSort (0ms)
			DisableScriptedObjects (4ms)
			BackupInstance (0ms)
			ReleaseScriptingObjects (0ms)
			CreateAndSetChildDomain (55ms)
		EndReloadAssembly (867ms)
			LoadAssemblies (74ms)
			RebuildTransferFunctionScriptingTraits (0ms)
			SetupTypeCache (204ms)
			ReleaseScriptCaches (1ms)
			RebuildScriptCaches (34ms)
			SetupLoadedEditorAssemblies (509ms)
				LogAssemblyErrors (0ms)
				InitializePlatformSupportModulesInManaged (24ms)
				SetLoadedEditorAssemblies (1ms)
				RefreshPlugins (2ms)
				BeforeProcessingInitializeOnLoad (55ms)
				ProcessInitializeOnLoadAttributes (399ms)
				ProcessInitializeOnLoadMethodAttributes (21ms)
				AfterProcessingInitializeOnLoad (7ms)
				EditorAssembliesLoaded (0ms)
			ExecutionOrderSort2 (0ms)
			AwakeInstancesAfterBackupRestoration (6ms)
Platform modules already initialized, skipping
Refreshing native plugins compatible for Editor in 4.38 ms, found 3 plugins.
Preloading 0 native plugins for Editor in 0.00 ms.
Unloading 4254 Unused Serialized files (Serialized files now loaded: 0)
Unloading 36 unused Assets / (95.3 KB). Loaded Objects now: 4790.
Memory consumption went from 168.1 MB to 168.0 MB.
Total: 4.257200 ms (FindLiveObjects: 0.258200 ms CreateObjectMapping: 0.304100 ms MarkObjects: 3.645600 ms  DeleteObjects: 0.048400 ms)

AssetImportParameters requested are different than current active one (requested -> active):
  custom:video-decoder-ogg-theora: a1e56fd34408186e4bbccfd4996cb3dc -> 
  custom:container-muxer-webm: aa71ff27fc2769a1b78a27578f13a17b -> 
  custom:container-demuxer-webm: 4f35f7cbe854078d1ac9338744f61a02 -> 
  custom:video-encoder-webm-vp8: eb34c28f22e8b96e1ab97ce403110664 -> 
  custom:video-codec-MediaFoundation-h265: 746d11721c4dcdbdad8f713fa42b33f4 -> 
  custom:audio-encoder-webm-vorbis: bf7c407c2cedff20999df2af8eb42d56 -> 
  custom:framework-win-MediaFoundation: 216162199b28c13a410421893ffa2e32 -> 
  custom:container-demuxer-ogg: 62fdf1f143b41e24485cea50d1cbac27 -> 
  custom:video-decoder-webm-vp8: 9c59270c3fd7afecdb556c50c9e8de78 -> 
  custom:audio-decoder-ogg-vorbis: bf7c407c2cedff20999df2af8eb42d56 -> 
========================================================================
Received Import Request.
  Time since last request: 143.257625 seconds.
  path: Assets/Prefabs
  artifactKey: Guid(4abfdcc78549d7848aa771d3c6e6fcdb) Importer(815301076,1909f56bfc062723c751e8b465ee728b)
Start importing Assets/Prefabs using Guid(4abfdcc78549d7848aa771d3c6e6fcdb) Importer(815301076,1909f56bfc062723c751e8b465ee728b)  -> (artifact id: 'd693e30c842dd449372c28b6a5888345') in 0.008309 seconds 
========================================================================
Received Import Request.
  Time since last request: 0.327167 seconds.
  path: Assets/Quality Settings
  artifactKey: Guid(3bfc6d93015a260488600247df99269b) Importer(815301076,1909f56bfc062723c751e8b465ee728b)
Start importing Assets/Quality Settings using Guid(3bfc6d93015a260488600247df99269b) Importer(815301076,1909f56bfc062723c751e8b465ee728b)  -> (artifact id: 'b84ed7cbe7d381d2b214ffc2fa93dbf4') in 0.001249 seconds 
